#
# There is insufficient memory for the Java Runtime Environment to continue.
# Native memory allocation (malloc) failed to allocate 32744 bytes for ChunkPool::allocate
# Possible reasons:
#   The system is out of physical RAM or swap space
#   The process is running with CompressedOops enabled, and the Java Heap may be blocking the growth of the native heap
# Possible solutions:
#   Reduce memory load on the system
#   Increase physical memory or swap space
#   Check if swap backing store is full
#   Decrease Java heap size (-Xmx/-Xms)
#   Decrease number of Java threads
#   Decrease Java thread stack sizes (-Xss)
#   Set larger code cache with -XX:ReservedCodeCacheSize=
#   JVM is running with Unscaled Compressed Oops mode in which the Java heap is
#     placed in the first 4GB address space. The Java Heap base address is the
#     maximum limit for the native heap growth. Please use -XX:HeapBaseMinAddress
#     to set the Java Heap base and to place the Java Heap above 4GB virtual address.
# This output file may be truncated or incomplete.
#
#  Out of Memory Error (arena.cpp:78), pid=5756, tid=3880
#
# JRE version: OpenJDK Runtime Environment Temurin-17.0.1+12 (17.0.1+12) (build 17.0.1+12)
# Java VM: OpenJDK 64-Bit Server VM Temurin-17.0.1+12 (17.0.1+12, mixed mode, tiered, compressed oops, compressed class ptrs, g1 gc, windows-amd64)
# No core dump will be written. Minidumps are not enabled by default on client versions of Windows
#

---------------  S U M M A R Y ------------

Command Line: -Dfile.encoding=Cp1252 -XX:+ShowCodeDetailsInExceptionMessages examples.sample1

Host: Intel(R) Core(TM) i5-5200U CPU @ 2.20GHz, 4 cores, 7G,  Windows 10 , 64 bit Build 18362 (10.0.18362.1082)
Time: Fri May 10 12:39:45 2024 Sri Lanka Standard Time elapsed time: 18.431416 seconds (0d 0h 0m 18s)

---------------  T H R E A D  ---------------

Current thread (0x000002d9ff8cab90):  JavaThread "C1 CompilerThread0" daemon [_thread_in_native, id=3880, stack(0x000000df5b100000,0x000000df5b200000)]


Current CompileTask:
C1:  18431 1505   !   3       java.lang.invoke.AbstractValidatingLambdaMetafactory::<init> (544 bytes)

Stack: [0x000000df5b100000,0x000000df5b200000]
Native frames: (J=compiled Java code, j=interpreted, Vv=VM code, C=native code)
V  [jvm.dll+0x6744da]
V  [jvm.dll+0x82e144]
V  [jvm.dll+0x82f8ee]
V  [jvm.dll+0x82ff53]
V  [jvm.dll+0x245175]
V  [jvm.dll+0xabaa0]
V  [jvm.dll+0xabdec]
V  [jvm.dll+0x661dab]
V  [jvm.dll+0x149b31]
V  [jvm.dll+0x14fb67]
V  [jvm.dll+0x150be2]
V  [jvm.dll+0x1340b3]
V  [jvm.dll+0x133bfa]
V  [jvm.dll+0x133de6]
V  [jvm.dll+0x13327a]
V  [jvm.dll+0x134f41]
V  [jvm.dll+0x226e38]
V  [jvm.dll+0x224f7c]
V  [jvm.dll+0x7e3f5b]
V  [jvm.dll+0x7de51a]
V  [jvm.dll+0x673305]
C  [ucrtbase.dll+0x20e82]
C  [KERNEL32.DLL+0x17bd4]
C  [ntdll.dll+0x6ce51]


---------------  P R O C E S S  ---------------

Threads class SMR info:
_java_thread_list=0x000002d982f51280, length=25, elements={
0x000002d9e818ca90, 0x000002d9ff86b550, 0x000002d9ff86c290, 0x000002d9ff8bc950,
0x000002d9ff8bf220, 0x000002d9ff8bfae0, 0x000002d9ff8c13b0, 0x000002d9ff8c3fb0,
0x000002d9ff8cab90, 0x000002d9ff8cd850, 0x000002d9ffb611f0, 0x000002d9ffb61950,
0x000002d9ffcbb0b0, 0x000002d982e8aec0, 0x000002d982ec6ad0, 0x000002d982ecda70,
0x000002d982ec7270, 0x000002d982eb43b0, 0x000002d982fe8920, 0x000002d982feafa0,
0x000002d982fe8450, 0x000002d982fe75e0, 0x000002d982fe7f80, 0x000002d982fe9c60,
0x000002d982fe8df0
}

Java Threads: ( => current thread )
  0x000002d9e818ca90 JavaThread "main" [_thread_in_vm, id=6260, stack(0x000000df5a300000,0x000000df5a400000)]
  0x000002d9ff86b550 JavaThread "Reference Handler" daemon [_thread_blocked, id=11464, stack(0x000000df5aa00000,0x000000df5ab00000)]
  0x000002d9ff86c290 JavaThread "Finalizer" daemon [_thread_blocked, id=12828, stack(0x000000df5ab00000,0x000000df5ac00000)]
  0x000002d9ff8bc950 JavaThread "Signal Dispatcher" daemon [_thread_blocked, id=9116, stack(0x000000df5ac00000,0x000000df5ad00000)]
  0x000002d9ff8bf220 JavaThread "Attach Listener" daemon [_thread_blocked, id=6644, stack(0x000000df5ad00000,0x000000df5ae00000)]
  0x000002d9ff8bfae0 JavaThread "Service Thread" daemon [_thread_blocked, id=10024, stack(0x000000df5ae00000,0x000000df5af00000)]
  0x000002d9ff8c13b0 JavaThread "Monitor Deflation Thread" daemon [_thread_blocked, id=13540, stack(0x000000df5af00000,0x000000df5b000000)]
  0x000002d9ff8c3fb0 JavaThread "C2 CompilerThread0" daemon [_thread_in_native, id=72, stack(0x000000df5b000000,0x000000df5b100000)]
=>0x000002d9ff8cab90 JavaThread "C1 CompilerThread0" daemon [_thread_in_native, id=3880, stack(0x000000df5b100000,0x000000df5b200000)]
  0x000002d9ff8cd850 JavaThread "Sweeper thread" daemon [_thread_blocked, id=8564, stack(0x000000df5b200000,0x000000df5b300000)]
  0x000002d9ffb611f0 JavaThread "Notification Thread" daemon [_thread_blocked, id=13960, stack(0x000000df5b300000,0x000000df5b400000)]
  0x000002d9ffb61950 JavaThread "Common-Cleaner" daemon [_thread_blocked, id=9176, stack(0x000000df5b500000,0x000000df5b600000)]
  0x000002d9ffcbb0b0 JavaThread "ForkJoinPool.commonPool-worker-1" daemon [_thread_blocked, id=7272, stack(0x000000df5b600000,0x000000df5b700000)]
  0x000002d982e8aec0 JavaThread "HttpClient-1-SelectorManager" daemon [_thread_in_native, id=10288, stack(0x000000df5b700000,0x000000df5b800000)]
  0x000002d982ec6ad0 JavaThread "External Process Output Forwarder - C:\Users\Lenovo.DESKTOP-I0HH4JP\eclipse-workspace\SeleniumExamples\src\main\resources\drivers\chromedriver.exe" daemon [_thread_in_native, id=7044, stack(0x000000df5bc00000,0x000000df5bd00000)]
  0x000002d982ecda70 JavaThread "Driver Service Executor" daemon [_thread_blocked, id=10016, stack(0x000000df5bd00000,0x000000df5be00000)]
  0x000002d982ec7270 JavaThread "Driver Service Executor" daemon [_thread_in_native, id=13376, stack(0x000000df5be00000,0x000000df5bf00000)]
  0x000002d982eb43b0 JavaThread "UrlChecker-2" daemon [_thread_blocked, id=6400, stack(0x000000df5bf00000,0x000000df5c000000)]
  0x000002d982fe8920 JavaThread "pool-1-thread-1" [_thread_blocked, id=7776, stack(0x000000df5c200000,0x000000df5c300000)]
  0x000002d982feafa0 JavaThread "pool-1-thread-2" [_thread_blocked, id=7940, stack(0x000000df5c300000,0x000000df5c400000)]
  0x000002d982fe8450 JavaThread "pool-1-thread-3" [_thread_blocked, id=7856, stack(0x000000df5c400000,0x000000df5c500000)]
  0x000002d982fe75e0 JavaThread "HttpClient-2-SelectorManager" daemon [_thread_in_native, id=1152, stack(0x000000df5c100000,0x000000df5c200000)]
  0x000002d982fe7f80 JavaThread "pool-2-thread-1" [_thread_blocked, id=3288, stack(0x000000df5c500000,0x000000df5c600000)]
  0x000002d982fe9c60 JavaThread "pool-2-thread-2" [_thread_blocked, id=8992, stack(0x000000df5c600000,0x000000df5c700000)]
  0x000002d982fe8df0 JavaThread "pool-2-thread-3" [_thread_blocked, id=11108, stack(0x000000df5c700000,0x000000df5c800000)]

Other Threads:
  0x000002d9ff889a50 VMThread "VM Thread" [stack: 0x000000df5a900000,0x000000df5aa00000] [id=7564]
  0x000002d9ffb616c0 WatcherThread [stack: 0x000000df5b400000,0x000000df5b500000] [id=10816]
  0x000002d9e81c8250 GCTaskThread "GC Thread#0" [stack: 0x000000df5a400000,0x000000df5a500000] [id=8632]
  0x000002d9ffbd6060 GCTaskThread "GC Thread#1" [stack: 0x000000df5b800000,0x000000df5b900000] [id=9168]
  0x000002d9ffbd6310 GCTaskThread "GC Thread#2" [stack: 0x000000df5b900000,0x000000df5ba00000] [id=1048]
  0x000002d982e56bd0 GCTaskThread "GC Thread#3" [stack: 0x000000df5ba00000,0x000000df5bb00000] [id=14324]
  0x000002d9e81d9e70 ConcurrentGCThread "G1 Main Marker" [stack: 0x000000df5a500000,0x000000df5a600000] [id=9692]
  0x000002d9e81da790 ConcurrentGCThread "G1 Conc#0" [stack: 0x000000df5a600000,0x000000df5a700000] [id=7872]
  0x000002d9ff6e0090 ConcurrentGCThread "G1 Refine#0" [stack: 0x000000df5a700000,0x000000df5a800000] [id=9048]
  0x000002d982e56810 ConcurrentGCThread "G1 Refine#1" [stack: 0x000000df5bb00000,0x000000df5bc00000] [id=2420]
  0x000002d9ff6e1310 ConcurrentGCThread "G1 Service" [stack: 0x000000df5a800000,0x000000df5a900000] [id=2232]

Threads with active compile tasks:
C2 CompilerThread0    18535 1520       4       java.util.ArrayList::add (25 bytes)
C1 CompilerThread0    18535 1505   !   3       java.lang.invoke.AbstractValidatingLambdaMetafactory::<init> (544 bytes)

VM state: not at safepoint (normal execution)

VM Mutex/Monitor currently owned by a thread: None

Heap address: 0x0000000081200000, size: 2030 MB, Compressed Oops mode: 32-bit

CDS archive(s) not mapped
Compressed class space mapped at: 0x0000000100000000-0x0000000140000000, reserved size: 1073741824
Narrow klass base: 0x0000000000000000, Narrow klass shift: 3, Narrow klass range: 0x140000000

GC Precious Log:
 CPUs: 4 total, 4 available
 Memory: 8112M
 Large Page Support: Disabled
 NUMA Support: Disabled
 Compressed Oops: Enabled (32-bit)
 Heap Region Size: 1M
 Heap Min Capacity: 8M
 Heap Initial Capacity: 128M
 Heap Max Capacity: 2030M
 Pre-touch: Disabled
 Parallel Workers: 4
 Concurrent Workers: 1
 Concurrent Refinement Workers: 4
 Periodic GC: Disabled

Heap:
 garbage-first heap   total 131072K, used 12683K [0x0000000081200000, 0x0000000100000000)
  region size 1024K, 10 young (10240K), 2 survivors (2048K)
 Metaspace       used 18979K, committed 19264K, reserved 1073152K
  class space    used 2063K, committed 2176K, reserved 1048576K

Heap Regions: E=young(eden), S=young(survivor), O=old, HS=humongous(starts), HC=humongous(continues), CS=collection set, F=free, OA=open archive, CA=closed archive, TAMS=top-at-mark-start (previous, next)
|   0|0x0000000081200000, 0x0000000081300000, 0x0000000081300000|100%| O|  |TAMS 0x0000000081200000, 0x0000000081200000| Untracked 
|   1|0x0000000081300000, 0x0000000081400000, 0x0000000081400000|100%| O|  |TAMS 0x0000000081300000, 0x0000000081300000| Untracked 
|   2|0x0000000081400000, 0x0000000081500000, 0x0000000081500000|100%| O|  |TAMS 0x0000000081400000, 0x0000000081400000| Untracked 
|   3|0x0000000081500000, 0x00000000815e0600, 0x0000000081600000| 87%| O|  |TAMS 0x0000000081500000, 0x0000000081500000| Untracked 
|   4|0x0000000081600000, 0x0000000081600000, 0x0000000081700000|  0%| F|  |TAMS 0x0000000081600000, 0x0000000081600000| Untracked 
|   5|0x0000000081700000, 0x0000000081700000, 0x0000000081800000|  0%| F|  |TAMS 0x0000000081700000, 0x0000000081700000| Untracked 
|   6|0x0000000081800000, 0x0000000081800000, 0x0000000081900000|  0%| F|  |TAMS 0x0000000081800000, 0x0000000081800000| Untracked 
|   7|0x0000000081900000, 0x0000000081900000, 0x0000000081a00000|  0%| F|  |TAMS 0x0000000081900000, 0x0000000081900000| Untracked 
|   8|0x0000000081a00000, 0x0000000081a00000, 0x0000000081b00000|  0%| F|  |TAMS 0x0000000081a00000, 0x0000000081a00000| Untracked 
|   9|0x0000000081b00000, 0x0000000081b00000, 0x0000000081c00000|  0%| F|  |TAMS 0x0000000081b00000, 0x0000000081b00000| Untracked 
|  10|0x0000000081c00000, 0x0000000081c00000, 0x0000000081d00000|  0%| F|  |TAMS 0x0000000081c00000, 0x0000000081c00000| Untracked 
|  11|0x0000000081d00000, 0x0000000081d00000, 0x0000000081e00000|  0%| F|  |TAMS 0x0000000081d00000, 0x0000000081d00000| Untracked 
|  12|0x0000000081e00000, 0x0000000081e00000, 0x0000000081f00000|  0%| F|  |TAMS 0x0000000081e00000, 0x0000000081e00000| Untracked 
|  13|0x0000000081f00000, 0x0000000081f00000, 0x0000000082000000|  0%| F|  |TAMS 0x0000000081f00000, 0x0000000081f00000| Untracked 
|  14|0x0000000082000000, 0x0000000082000000, 0x0000000082100000|  0%| F|  |TAMS 0x0000000082000000, 0x0000000082000000| Untracked 
|  15|0x0000000082100000, 0x0000000082100000, 0x0000000082200000|  0%| F|  |TAMS 0x0000000082100000, 0x0000000082100000| Untracked 
|  16|0x0000000082200000, 0x0000000082200000, 0x0000000082300000|  0%| F|  |TAMS 0x0000000082200000, 0x0000000082200000| Untracked 
|  17|0x0000000082300000, 0x0000000082300000, 0x0000000082400000|  0%| F|  |TAMS 0x0000000082300000, 0x0000000082300000| Untracked 
|  18|0x0000000082400000, 0x0000000082400000, 0x0000000082500000|  0%| F|  |TAMS 0x0000000082400000, 0x0000000082400000| Untracked 
|  19|0x0000000082500000, 0x0000000082500000, 0x0000000082600000|  0%| F|  |TAMS 0x0000000082500000, 0x0000000082500000| Untracked 
|  20|0x0000000082600000, 0x0000000082600000, 0x0000000082700000|  0%| F|  |TAMS 0x0000000082600000, 0x0000000082600000| Untracked 
|  21|0x0000000082700000, 0x0000000082700000, 0x0000000082800000|  0%| F|  |TAMS 0x0000000082700000, 0x0000000082700000| Untracked 
|  22|0x0000000082800000, 0x0000000082800000, 0x0000000082900000|  0%| F|  |TAMS 0x0000000082800000, 0x0000000082800000| Untracked 
|  23|0x0000000082900000, 0x0000000082900000, 0x0000000082a00000|  0%| F|  |TAMS 0x0000000082900000, 0x0000000082900000| Untracked 
|  24|0x0000000082a00000, 0x0000000082a00000, 0x0000000082b00000|  0%| F|  |TAMS 0x0000000082a00000, 0x0000000082a00000| Untracked 
|  25|0x0000000082b00000, 0x0000000082b00000, 0x0000000082c00000|  0%| F|  |TAMS 0x0000000082b00000, 0x0000000082b00000| Untracked 
|  26|0x0000000082c00000, 0x0000000082c00000, 0x0000000082d00000|  0%| F|  |TAMS 0x0000000082c00000, 0x0000000082c00000| Untracked 
|  27|0x0000000082d00000, 0x0000000082d00000, 0x0000000082e00000|  0%| F|  |TAMS 0x0000000082d00000, 0x0000000082d00000| Untracked 
|  28|0x0000000082e00000, 0x0000000082e00000, 0x0000000082f00000|  0%| F|  |TAMS 0x0000000082e00000, 0x0000000082e00000| Untracked 
|  29|0x0000000082f00000, 0x0000000082f00000, 0x0000000083000000|  0%| F|  |TAMS 0x0000000082f00000, 0x0000000082f00000| Untracked 
|  30|0x0000000083000000, 0x0000000083000000, 0x0000000083100000|  0%| F|  |TAMS 0x0000000083000000, 0x0000000083000000| Untracked 
|  31|0x0000000083100000, 0x0000000083100000, 0x0000000083200000|  0%| F|  |TAMS 0x0000000083100000, 0x0000000083100000| Untracked 
|  32|0x0000000083200000, 0x0000000083200000, 0x0000000083300000|  0%| F|  |TAMS 0x0000000083200000, 0x0000000083200000| Untracked 
|  33|0x0000000083300000, 0x0000000083300000, 0x0000000083400000|  0%| F|  |TAMS 0x0000000083300000, 0x0000000083300000| Untracked 
|  34|0x0000000083400000, 0x0000000083400000, 0x0000000083500000|  0%| F|  |TAMS 0x0000000083400000, 0x0000000083400000| Untracked 
|  35|0x0000000083500000, 0x0000000083500000, 0x0000000083600000|  0%| F|  |TAMS 0x0000000083500000, 0x0000000083500000| Untracked 
|  36|0x0000000083600000, 0x0000000083600000, 0x0000000083700000|  0%| F|  |TAMS 0x0000000083600000, 0x0000000083600000| Untracked 
|  37|0x0000000083700000, 0x0000000083700000, 0x0000000083800000|  0%| F|  |TAMS 0x0000000083700000, 0x0000000083700000| Untracked 
|  38|0x0000000083800000, 0x0000000083800000, 0x0000000083900000|  0%| F|  |TAMS 0x0000000083800000, 0x0000000083800000| Untracked 
|  39|0x0000000083900000, 0x0000000083900000, 0x0000000083a00000|  0%| F|  |TAMS 0x0000000083900000, 0x0000000083900000| Untracked 
|  40|0x0000000083a00000, 0x0000000083a00000, 0x0000000083b00000|  0%| F|  |TAMS 0x0000000083a00000, 0x0000000083a00000| Untracked 
|  41|0x0000000083b00000, 0x0000000083b00000, 0x0000000083c00000|  0%| F|  |TAMS 0x0000000083b00000, 0x0000000083b00000| Untracked 
|  42|0x0000000083c00000, 0x0000000083c00000, 0x0000000083d00000|  0%| F|  |TAMS 0x0000000083c00000, 0x0000000083c00000| Untracked 
|  43|0x0000000083d00000, 0x0000000083d00000, 0x0000000083e00000|  0%| F|  |TAMS 0x0000000083d00000, 0x0000000083d00000| Untracked 
|  44|0x0000000083e00000, 0x0000000083e00000, 0x0000000083f00000|  0%| F|  |TAMS 0x0000000083e00000, 0x0000000083e00000| Untracked 
|  45|0x0000000083f00000, 0x0000000083f00000, 0x0000000084000000|  0%| F|  |TAMS 0x0000000083f00000, 0x0000000083f00000| Untracked 
|  46|0x0000000084000000, 0x0000000084000000, 0x0000000084100000|  0%| F|  |TAMS 0x0000000084000000, 0x0000000084000000| Untracked 
|  47|0x0000000084100000, 0x0000000084100000, 0x0000000084200000|  0%| F|  |TAMS 0x0000000084100000, 0x0000000084100000| Untracked 
|  48|0x0000000084200000, 0x0000000084200000, 0x0000000084300000|  0%| F|  |TAMS 0x0000000084200000, 0x0000000084200000| Untracked 
|  49|0x0000000084300000, 0x0000000084300000, 0x0000000084400000|  0%| F|  |TAMS 0x0000000084300000, 0x0000000084300000| Untracked 
|  50|0x0000000084400000, 0x0000000084400000, 0x0000000084500000|  0%| F|  |TAMS 0x0000000084400000, 0x0000000084400000| Untracked 
|  51|0x0000000084500000, 0x0000000084500000, 0x0000000084600000|  0%| F|  |TAMS 0x0000000084500000, 0x0000000084500000| Untracked 
|  52|0x0000000084600000, 0x0000000084600000, 0x0000000084700000|  0%| F|  |TAMS 0x0000000084600000, 0x0000000084600000| Untracked 
|  53|0x0000000084700000, 0x0000000084700000, 0x0000000084800000|  0%| F|  |TAMS 0x0000000084700000, 0x0000000084700000| Untracked 
|  54|0x0000000084800000, 0x0000000084800000, 0x0000000084900000|  0%| F|  |TAMS 0x0000000084800000, 0x0000000084800000| Untracked 
|  55|0x0000000084900000, 0x0000000084900000, 0x0000000084a00000|  0%| F|  |TAMS 0x0000000084900000, 0x0000000084900000| Untracked 
|  56|0x0000000084a00000, 0x0000000084a00000, 0x0000000084b00000|  0%| F|  |TAMS 0x0000000084a00000, 0x0000000084a00000| Untracked 
|  57|0x0000000084b00000, 0x0000000084b00000, 0x0000000084c00000|  0%| F|  |TAMS 0x0000000084b00000, 0x0000000084b00000| Untracked 
|  58|0x0000000084c00000, 0x0000000084c00000, 0x0000000084d00000|  0%| F|  |TAMS 0x0000000084c00000, 0x0000000084c00000| Untracked 
|  59|0x0000000084d00000, 0x0000000084d00000, 0x0000000084e00000|  0%| F|  |TAMS 0x0000000084d00000, 0x0000000084d00000| Untracked 
|  60|0x0000000084e00000, 0x0000000084e00000, 0x0000000084f00000|  0%| F|  |TAMS 0x0000000084e00000, 0x0000000084e00000| Untracked 
|  61|0x0000000084f00000, 0x0000000084f00000, 0x0000000085000000|  0%| F|  |TAMS 0x0000000084f00000, 0x0000000084f00000| Untracked 
|  62|0x0000000085000000, 0x0000000085000000, 0x0000000085100000|  0%| F|  |TAMS 0x0000000085000000, 0x0000000085000000| Untracked 
|  63|0x0000000085100000, 0x0000000085100000, 0x0000000085200000|  0%| F|  |TAMS 0x0000000085100000, 0x0000000085100000| Untracked 
|  64|0x0000000085200000, 0x0000000085200000, 0x0000000085300000|  0%| F|  |TAMS 0x0000000085200000, 0x0000000085200000| Untracked 
|  65|0x0000000085300000, 0x0000000085300000, 0x0000000085400000|  0%| F|  |TAMS 0x0000000085300000, 0x0000000085300000| Untracked 
|  66|0x0000000085400000, 0x0000000085400000, 0x0000000085500000|  0%| F|  |TAMS 0x0000000085400000, 0x0000000085400000| Untracked 
|  67|0x0000000085500000, 0x0000000085500000, 0x0000000085600000|  0%| F|  |TAMS 0x0000000085500000, 0x0000000085500000| Untracked 
|  68|0x0000000085600000, 0x0000000085600000, 0x0000000085700000|  0%| F|  |TAMS 0x0000000085600000, 0x0000000085600000| Untracked 
|  69|0x0000000085700000, 0x0000000085700000, 0x0000000085800000|  0%| F|  |TAMS 0x0000000085700000, 0x0000000085700000| Untracked 
|  70|0x0000000085800000, 0x0000000085800000, 0x0000000085900000|  0%| F|  |TAMS 0x0000000085800000, 0x0000000085800000| Untracked 
|  71|0x0000000085900000, 0x0000000085900000, 0x0000000085a00000|  0%| F|  |TAMS 0x0000000085900000, 0x0000000085900000| Untracked 
|  72|0x0000000085a00000, 0x0000000085a00000, 0x0000000085b00000|  0%| F|  |TAMS 0x0000000085a00000, 0x0000000085a00000| Untracked 
|  73|0x0000000085b00000, 0x0000000085b00000, 0x0000000085c00000|  0%| F|  |TAMS 0x0000000085b00000, 0x0000000085b00000| Untracked 
|  74|0x0000000085c00000, 0x0000000085c00000, 0x0000000085d00000|  0%| F|  |TAMS 0x0000000085c00000, 0x0000000085c00000| Untracked 
|  75|0x0000000085d00000, 0x0000000085d00000, 0x0000000085e00000|  0%| F|  |TAMS 0x0000000085d00000, 0x0000000085d00000| Untracked 
|  76|0x0000000085e00000, 0x0000000085e00000, 0x0000000085f00000|  0%| F|  |TAMS 0x0000000085e00000, 0x0000000085e00000| Untracked 
|  77|0x0000000085f00000, 0x0000000085f00000, 0x0000000086000000|  0%| F|  |TAMS 0x0000000085f00000, 0x0000000085f00000| Untracked 
|  78|0x0000000086000000, 0x0000000086000000, 0x0000000086100000|  0%| F|  |TAMS 0x0000000086000000, 0x0000000086000000| Untracked 
|  79|0x0000000086100000, 0x0000000086100000, 0x0000000086200000|  0%| F|  |TAMS 0x0000000086100000, 0x0000000086100000| Untracked 
|  80|0x0000000086200000, 0x0000000086200000, 0x0000000086300000|  0%| F|  |TAMS 0x0000000086200000, 0x0000000086200000| Untracked 
|  81|0x0000000086300000, 0x0000000086300000, 0x0000000086400000|  0%| F|  |TAMS 0x0000000086300000, 0x0000000086300000| Untracked 
|  82|0x0000000086400000, 0x0000000086400000, 0x0000000086500000|  0%| F|  |TAMS 0x0000000086400000, 0x0000000086400000| Untracked 
|  83|0x0000000086500000, 0x0000000086500000, 0x0000000086600000|  0%| F|  |TAMS 0x0000000086500000, 0x0000000086500000| Untracked 
|  84|0x0000000086600000, 0x0000000086600000, 0x0000000086700000|  0%| F|  |TAMS 0x0000000086600000, 0x0000000086600000| Untracked 
|  85|0x0000000086700000, 0x0000000086700000, 0x0000000086800000|  0%| F|  |TAMS 0x0000000086700000, 0x0000000086700000| Untracked 
|  86|0x0000000086800000, 0x0000000086800000, 0x0000000086900000|  0%| F|  |TAMS 0x0000000086800000, 0x0000000086800000| Untracked 
|  87|0x0000000086900000, 0x0000000086900000, 0x0000000086a00000|  0%| F|  |TAMS 0x0000000086900000, 0x0000000086900000| Untracked 
|  88|0x0000000086a00000, 0x0000000086a00000, 0x0000000086b00000|  0%| F|  |TAMS 0x0000000086a00000, 0x0000000086a00000| Untracked 
|  89|0x0000000086b00000, 0x0000000086b00000, 0x0000000086c00000|  0%| F|  |TAMS 0x0000000086b00000, 0x0000000086b00000| Untracked 
|  90|0x0000000086c00000, 0x0000000086c00000, 0x0000000086d00000|  0%| F|  |TAMS 0x0000000086c00000, 0x0000000086c00000| Untracked 
|  91|0x0000000086d00000, 0x0000000086d00000, 0x0000000086e00000|  0%| F|  |TAMS 0x0000000086d00000, 0x0000000086d00000| Untracked 
|  92|0x0000000086e00000, 0x0000000086e00000, 0x0000000086f00000|  0%| F|  |TAMS 0x0000000086e00000, 0x0000000086e00000| Untracked 
|  93|0x0000000086f00000, 0x0000000086f00000, 0x0000000087000000|  0%| F|  |TAMS 0x0000000086f00000, 0x0000000086f00000| Untracked 
|  94|0x0000000087000000, 0x0000000087000000, 0x0000000087100000|  0%| F|  |TAMS 0x0000000087000000, 0x0000000087000000| Untracked 
|  95|0x0000000087100000, 0x0000000087100000, 0x0000000087200000|  0%| F|  |TAMS 0x0000000087100000, 0x0000000087100000| Untracked 
|  96|0x0000000087200000, 0x0000000087200000, 0x0000000087300000|  0%| F|  |TAMS 0x0000000087200000, 0x0000000087200000| Untracked 
|  97|0x0000000087300000, 0x0000000087300000, 0x0000000087400000|  0%| F|  |TAMS 0x0000000087300000, 0x0000000087300000| Untracked 
|  98|0x0000000087400000, 0x0000000087400000, 0x0000000087500000|  0%| F|  |TAMS 0x0000000087400000, 0x0000000087400000| Untracked 
|  99|0x0000000087500000, 0x0000000087500000, 0x0000000087600000|  0%| F|  |TAMS 0x0000000087500000, 0x0000000087500000| Untracked 
| 100|0x0000000087600000, 0x0000000087600000, 0x0000000087700000|  0%| F|  |TAMS 0x0000000087600000, 0x0000000087600000| Untracked 
| 101|0x0000000087700000, 0x0000000087700000, 0x0000000087800000|  0%| F|  |TAMS 0x0000000087700000, 0x0000000087700000| Untracked 
| 102|0x0000000087800000, 0x0000000087800000, 0x0000000087900000|  0%| F|  |TAMS 0x0000000087800000, 0x0000000087800000| Untracked 
| 103|0x0000000087900000, 0x0000000087900000, 0x0000000087a00000|  0%| F|  |TAMS 0x0000000087900000, 0x0000000087900000| Untracked 
| 104|0x0000000087a00000, 0x0000000087a00000, 0x0000000087b00000|  0%| F|  |TAMS 0x0000000087a00000, 0x0000000087a00000| Untracked 
| 105|0x0000000087b00000, 0x0000000087b00000, 0x0000000087c00000|  0%| F|  |TAMS 0x0000000087b00000, 0x0000000087b00000| Untracked 
| 106|0x0000000087c00000, 0x0000000087c00000, 0x0000000087d00000|  0%| F|  |TAMS 0x0000000087c00000, 0x0000000087c00000| Untracked 
| 107|0x0000000087d00000, 0x0000000087d00000, 0x0000000087e00000|  0%| F|  |TAMS 0x0000000087d00000, 0x0000000087d00000| Untracked 
| 108|0x0000000087e00000, 0x0000000087e00000, 0x0000000087f00000|  0%| F|  |TAMS 0x0000000087e00000, 0x0000000087e00000| Untracked 
| 109|0x0000000087f00000, 0x0000000087f00000, 0x0000000088000000|  0%| F|  |TAMS 0x0000000087f00000, 0x0000000087f00000| Untracked 
| 110|0x0000000088000000, 0x0000000088000000, 0x0000000088100000|  0%| F|  |TAMS 0x0000000088000000, 0x0000000088000000| Untracked 
| 111|0x0000000088100000, 0x0000000088100000, 0x0000000088200000|  0%| F|  |TAMS 0x0000000088100000, 0x0000000088100000| Untracked 
| 112|0x0000000088200000, 0x0000000088282650, 0x0000000088300000| 50%| S|CS|TAMS 0x0000000088200000, 0x0000000088200000| Complete 
| 113|0x0000000088300000, 0x0000000088300000, 0x0000000088400000|  0%| F|  |TAMS 0x0000000088300000, 0x0000000088300000| Untracked 
| 114|0x0000000088400000, 0x0000000088400000, 0x0000000088500000|  0%| F|  |TAMS 0x0000000088400000, 0x0000000088400000| Untracked 
| 115|0x0000000088500000, 0x0000000088600000, 0x0000000088600000|100%| S|CS|TAMS 0x0000000088500000, 0x0000000088500000| Complete 
| 116|0x0000000088600000, 0x0000000088600000, 0x0000000088700000|  0%| F|  |TAMS 0x0000000088600000, 0x0000000088600000| Untracked 
| 117|0x0000000088700000, 0x0000000088700000, 0x0000000088800000|  0%| F|  |TAMS 0x0000000088700000, 0x0000000088700000| Untracked 
| 118|0x0000000088800000, 0x0000000088800000, 0x0000000088900000|  0%| F|  |TAMS 0x0000000088800000, 0x0000000088800000| Untracked 
| 119|0x0000000088900000, 0x0000000088900000, 0x0000000088a00000|  0%| F|  |TAMS 0x0000000088900000, 0x0000000088900000| Untracked 
| 120|0x0000000088a00000, 0x0000000088b00000, 0x0000000088b00000|100%| E|  |TAMS 0x0000000088a00000, 0x0000000088a00000| Complete 
| 121|0x0000000088b00000, 0x0000000088c00000, 0x0000000088c00000|100%| E|CS|TAMS 0x0000000088b00000, 0x0000000088b00000| Complete 
| 122|0x0000000088c00000, 0x0000000088d00000, 0x0000000088d00000|100%| E|CS|TAMS 0x0000000088c00000, 0x0000000088c00000| Complete 
| 123|0x0000000088d00000, 0x0000000088e00000, 0x0000000088e00000|100%| E|CS|TAMS 0x0000000088d00000, 0x0000000088d00000| Complete 
| 124|0x0000000088e00000, 0x0000000088f00000, 0x0000000088f00000|100%| E|CS|TAMS 0x0000000088e00000, 0x0000000088e00000| Complete 
| 125|0x0000000088f00000, 0x0000000089000000, 0x0000000089000000|100%| E|CS|TAMS 0x0000000088f00000, 0x0000000088f00000| Complete 
| 126|0x0000000089000000, 0x0000000089100000, 0x0000000089100000|100%| E|CS|TAMS 0x0000000089000000, 0x0000000089000000| Complete 
| 127|0x0000000089100000, 0x0000000089200000, 0x0000000089200000|100%| E|CS|TAMS 0x0000000089100000, 0x0000000089100000| Complete 

Card table byte_map: [0x000002d9fac20000,0x000002d9fb020000] _byte_map_base: 0x000002d9fa817000

Marking Bits (Prev, Next): (CMBitMap*) 0x000002d9e81c9780, (CMBitMap*) 0x000002d9e81c97c0
 Prev Bits: [0x000002d9fb420000, 0x000002d9fd3d8000)
 Next Bits: [0x000002d9fd3e0000, 0x000002d9ff398000)

Polling page: 0x000002d9e6190000

Metaspace:

Usage:
  Non-class:     16.54 MB used.
      Class:      2.02 MB used.
       Both:     18.56 MB used.

Virtual space:
  Non-class space:       24.00 MB reserved,      16.69 MB ( 70%) committed,  3 nodes.
      Class space:        1.00 GB reserved,       2.13 MB ( <1%) committed,  1 nodes.
             Both:        1.02 GB reserved,      18.81 MB (  2%) committed. 

Chunk freelists:
   Non-Class:  3.16 MB
       Class:  1.83 MB
        Both:  4.98 MB

MaxMetaspaceSize: unlimited
CompressedClassSpaceSize: 1.00 GB
Initial GC threshold: 21.00 MB
Current GC threshold: 21.00 MB
CDS: off
MetaspaceReclaimPolicy: balanced
 - commit_granule_bytes: 65536.
 - commit_granule_words: 8192.
 - virtual_space_node_default_size: 1048576.
 - enlarge_chunks_in_place: 1.
 - new_chunks_are_fully_committed: 0.
 - uncommit_free_chunks: 1.
 - use_allocation_guard: 0.
 - handle_deallocations: 1.


Internal statistics:

num_allocs_failed_limit: 0.
num_arena_births: 210.
num_arena_deaths: 0.
num_vsnodes_births: 4.
num_vsnodes_deaths: 0.
num_space_committed: 301.
num_space_uncommitted: 0.
num_chunks_returned_to_freelist: 0.
num_chunks_taken_from_freelist: 494.
num_chunk_merges: 0.
num_chunk_splits: 272.
num_chunks_enlarged: 170.
num_purges: 0.
num_inconsistent_stats: 0.

CodeHeap 'non-profiled nmethods': size=120000Kb used=460Kb max_used=460Kb free=119539Kb
 bounds [0x000002d9f32f0000, 0x000002d9f3560000, 0x000002d9fa820000]
CodeHeap 'profiled nmethods': size=120000Kb used=2703Kb max_used=2703Kb free=117296Kb
 bounds [0x000002d9ebdc0000, 0x000002d9ec070000, 0x000002d9f32f0000]
CodeHeap 'non-nmethods': size=5760Kb used=1200Kb max_used=1213Kb free=4559Kb
 bounds [0x000002d9eb820000, 0x000002d9eba90000, 0x000002d9ebdc0000]
 total_blobs=2005 nmethods=1505 adapters=413
 compilation: enabled
              stopped_count=0, restarted_count=0
 full_count=0

Compilation events (20 events):
Event: 17.686 Thread 0x000002d9ff8cab90 1497       3       java.lang.invoke.LambdaFormEditor$TransformKey::bval (26 bytes)
Event: 17.686 Thread 0x000002d9ff8cab90 nmethod 1497 0x000002d9ec05e210 code [0x000002d9ec05e3a0, 0x000002d9ec05e498]
Event: 17.713 Thread 0x000002d9ff8cab90 1498       3       java.util.ArrayDeque::peekFirst (12 bytes)
Event: 17.714 Thread 0x000002d9ff8cab90 nmethod 1498 0x000002d9ec05e510 code [0x000002d9ec05e6a0, 0x000002d9ec05e838]
Event: 17.714 Thread 0x000002d9ff8cab90 1499       3       java.util.stream.ReferencePipeline$3$1::accept (23 bytes)
Event: 17.714 Thread 0x000002d9ff8cab90 nmethod 1499 0x000002d9ec05e990 code [0x000002d9ec05eb40, 0x000002d9ec05edd8]
Event: 17.714 Thread 0x000002d9ff8cab90 1500   !   3       java.util.zip.Inflater::needsInput (55 bytes)
Event: 17.715 Thread 0x000002d9ff8cab90 nmethod 1500 0x000002d9ec05ef10 code [0x000002d9ec05f0c0, 0x000002d9ec05f478]
Event: 17.720 Thread 0x000002d9ff8cab90 1501       3       java.lang.Module::implIsExportedOrOpen (92 bytes)
Event: 17.721 Thread 0x000002d9ff8cab90 nmethod 1501 0x000002d9ec05f590 code [0x000002d9ec05f7c0, 0x000002d9ec05fed8]
Event: 17.723 Thread 0x000002d9ff8cab90 1502       3       java.lang.invoke.LambdaForm$DMH/0x0000000100180000::invokeStatic (31 bytes)
Event: 17.724 Thread 0x000002d9ff8cab90 nmethod 1502 0x000002d9ec060090 code [0x000002d9ec060260, 0x000002d9ec0606b8]
Event: 17.724 Thread 0x000002d9ff8cab90 1503       3       java.lang.reflect.Constructor::acquireConstructorAccessor (44 bytes)
Event: 17.724 Thread 0x000002d9ff8cab90 nmethod 1503 0x000002d9ec060810 code [0x000002d9ec060a00, 0x000002d9ec060ef8]
Event: 17.726 Thread 0x000002d9ff8cab90 1504       3       java.lang.invoke.InnerClassLambdaMetafactory::<init> (258 bytes)
Event: 17.729 Thread 0x000002d9ff8cab90 nmethod 1504 0x000002d9ec061090 code [0x000002d9ec0614a0, 0x000002d9ec063378]
Event: 17.729 Thread 0x000002d9ff8cab90 1505   !   3       java.lang.invoke.AbstractValidatingLambdaMetafactory::<init> (544 bytes)
Event: 17.743 Thread 0x000002d9ff8c3fb0 1512       4       java.util.Objects::requireNonNull (15 bytes)
Event: 17.744 Thread 0x000002d9ff8c3fb0 nmethod 1512 0x000002d9f3362e90 code [0x000002d9f3363000, 0x000002d9f3363078]
Event: 17.757 Thread 0x000002d9ff8c3fb0 1520       4       java.util.ArrayList::add (25 bytes)

GC Heap History (4 events):
Event: 1.316 GC heap before
{Heap before GC invocations=0 (full 0):
 garbage-first heap   total 131072K, used 13312K [0x0000000081200000, 0x0000000100000000)
  region size 1024K, 13 young (13312K), 0 survivors (0K)
 Metaspace       used 12666K, committed 12864K, reserved 1064960K
  class space    used 1239K, committed 1344K, reserved 1048576K
}
Event: 1.332 GC heap after
{Heap after GC invocations=1 (full 0):
 garbage-first heap   total 131072K, used 3822K [0x0000000081200000, 0x0000000100000000)
  region size 1024K, 2 young (2048K), 2 survivors (2048K)
 Metaspace       used 12666K, committed 12864K, reserved 1064960K
  class space    used 1239K, committed 1344K, reserved 1048576K
}
Event: 4.932 GC heap before
{Heap before GC invocations=1 (full 0):
 garbage-first heap   total 131072K, used 16110K [0x0000000081200000, 0x0000000100000000)
  region size 1024K, 14 young (14336K), 2 survivors (2048K)
 Metaspace       used 17323K, committed 17536K, reserved 1064960K
  class space    used 1819K, committed 1920K, reserved 1048576K
}
Event: 4.937 GC heap after
{Heap after GC invocations=2 (full 0):
 garbage-first heap   total 131072K, used 5515K [0x0000000081200000, 0x0000000100000000)
  region size 1024K, 2 young (2048K), 2 survivors (2048K)
 Metaspace       used 17323K, committed 17536K, reserved 1064960K
  class space    used 1819K, committed 1920K, reserved 1048576K
}

Deoptimization events (20 events):
Event: 4.626 Thread 0x000002d982eb43b0 DEOPT PACKING pc=0x000002d9f33243c8 sp=0x000000df5bffec50
Event: 4.627 Thread 0x000002d982eb43b0 DEOPT UNPACKING pc=0x000002d9eb8723a3 sp=0x000000df5bffebc8 mode 2
Event: 4.718 Thread 0x000002d9e818ca90 DEOPT PACKING pc=0x000002d9ebe005fe sp=0x000000df5a3fdb70
Event: 4.718 Thread 0x000002d9e818ca90 DEOPT UNPACKING pc=0x000002d9eb872b43 sp=0x000000df5a3fcfe0 mode 0
Event: 17.617 Thread 0x000002d982fe8920 Uncommon trap: trap_request=0xffffffde fr.pc=0x000002d9f3360b2c relative=0x000000000000010c
Event: 17.617 Thread 0x000002d982fe8920 Uncommon trap: reason=class_check action=maybe_recompile pc=0x000002d9f3360b2c method=jdk.internal.misc.Unsafe.allocateUninitializedArray(Ljava/lang/Class;I)Ljava/lang/Object; @ 51 c2
Event: 17.617 Thread 0x000002d982fe8920 DEOPT PACKING pc=0x000002d9f3360b2c sp=0x000000df5c2fdc90
Event: 17.617 Thread 0x000002d982fe8920 DEOPT UNPACKING pc=0x000002d9eb8723a3 sp=0x000000df5c2fdc18 mode 2
Event: 17.617 Thread 0x000002d982fe8920 Uncommon trap: trap_request=0xffffffde fr.pc=0x000002d9f3360b2c relative=0x000000000000010c
Event: 17.617 Thread 0x000002d982fe8920 Uncommon trap: reason=class_check action=maybe_recompile pc=0x000002d9f3360b2c method=jdk.internal.misc.Unsafe.allocateUninitializedArray(Ljava/lang/Class;I)Ljava/lang/Object; @ 51 c2
Event: 17.617 Thread 0x000002d982fe8920 DEOPT PACKING pc=0x000002d9f3360b2c sp=0x000000df5c2fdc50
Event: 17.617 Thread 0x000002d982fe8920 DEOPT UNPACKING pc=0x000002d9eb8723a3 sp=0x000000df5c2fdbd8 mode 2
Event: 17.618 Thread 0x000002d982fe8920 Uncommon trap: trap_request=0xffffffde fr.pc=0x000002d9f3360b2c relative=0x000000000000010c
Event: 17.618 Thread 0x000002d982fe8920 Uncommon trap: reason=class_check action=maybe_recompile pc=0x000002d9f3360b2c method=jdk.internal.misc.Unsafe.allocateUninitializedArray(Ljava/lang/Class;I)Ljava/lang/Object; @ 51 c2
Event: 17.618 Thread 0x000002d982fe8920 DEOPT PACKING pc=0x000002d9f3360b2c sp=0x000000df5c2fd7b0
Event: 17.618 Thread 0x000002d982fe8920 DEOPT UNPACKING pc=0x000002d9eb8723a3 sp=0x000000df5c2fd738 mode 2
Event: 17.618 Thread 0x000002d982fe8920 Uncommon trap: trap_request=0xffffffde fr.pc=0x000002d9f3360b2c relative=0x000000000000010c
Event: 17.618 Thread 0x000002d982fe8920 Uncommon trap: reason=class_check action=maybe_recompile pc=0x000002d9f3360b2c method=jdk.internal.misc.Unsafe.allocateUninitializedArray(Ljava/lang/Class;I)Ljava/lang/Object; @ 51 c2
Event: 17.618 Thread 0x000002d982fe8920 DEOPT PACKING pc=0x000002d9f3360b2c sp=0x000000df5c2fd770
Event: 17.618 Thread 0x000002d982fe8920 DEOPT UNPACKING pc=0x000002d9eb8723a3 sp=0x000000df5c2fd6f8 mode 2

Classes unloaded (0 events):
No events

Classes redefined (0 events):
No events

Internal exceptions (20 events):
Event: 4.627 Thread 0x000002d982eb43b0 Exception <a 'java/net/ConnectException'{0x0000000088bd55f0}: Connection refused: no further information> (0x0000000088bd55f0) 
thrown [e:\jenkins\tmp\workspace\build\src\src\hotspot\share\prims\jni.cpp, line 535]
Event: 4.627 Thread 0x000002d982eb43b0 Exception <a 'java/net/SocketException'{0x0000000088bd5928}: Socket is not connected: shutdown> (0x0000000088bd5928) 
thrown [e:\jenkins\tmp\workspace\build\src\src\hotspot\share\prims\jni.cpp, line 535]
Event: 4.649 Thread 0x000002d982eb43b0 Exception <a 'java/net/ConnectException'{0x0000000088bd6850}: Connection refused: no further information> (0x0000000088bd6850) 
thrown [e:\jenkins\tmp\workspace\build\src\src\hotspot\share\prims\jni.cpp, line 535]
Event: 4.649 Thread 0x000002d982eb43b0 Exception <a 'java/net/SocketException'{0x0000000088bd6b88}: Socket is not connected: shutdown> (0x0000000088bd6b88) 
thrown [e:\jenkins\tmp\workspace\build\src\src\hotspot\share\prims\jni.cpp, line 535]
Event: 4.733 Thread 0x000002d9e818ca90 Exception <a 'java/lang/NoSuchMethodError'{0x0000000088a1e480}: 'int java.lang.invoke.DirectMethodHandle$Holder.invokeVirtual(java.lang.Object, java.lang.Object)'> (0x0000000088a1e480) 
thrown [e:\jenkins\tmp\workspace\build\src\src\hotspot\share\interpreter\linkResolver.cpp, line 766]
Event: 4.734 Thread 0x000002d9e818ca90 Exception <a 'java/lang/NoSuchMethodError'{0x0000000088a24968}: 'double java.lang.invoke.DirectMethodHandle$Holder.invokeVirtual(java.lang.Object, java.lang.Object)'> (0x0000000088a24968) 
thrown [e:\jenkins\tmp\workspace\build\src\src\hotspot\share\interpreter\linkResolver.cpp, line 766]
Event: 4.735 Thread 0x000002d9e818ca90 Exception <a 'java/lang/NoSuchMethodError'{0x0000000088a2b110}: 'float java.lang.invoke.DirectMethodHandle$Holder.invokeVirtual(java.lang.Object, java.lang.Object)'> (0x0000000088a2b110) 
thrown [e:\jenkins\tmp\workspace\build\src\src\hotspot\share\interpreter\linkResolver.cpp, line 766]
Event: 4.737 Thread 0x000002d9e818ca90 Exception <a 'java/lang/NoSuchMethodError'{0x0000000088a34030}: 'long java.lang.invoke.DirectMethodHandle$Holder.invokeVirtual(java.lang.Object, java.lang.Object)'> (0x0000000088a34030) 
thrown [e:\jenkins\tmp\workspace\build\src\src\hotspot\share\interpreter\linkResolver.cpp, line 766]
Event: 4.745 Thread 0x000002d9e818ca90 Exception <a 'java/lang/NoSuchMethodError'{0x0000000088a603e8}: 'void java.lang.invoke.DirectMethodHandle$Holder.invokeStatic(java.lang.Object, java.lang.Object, java.lang.Object)'> (0x0000000088a603e8) 
thrown [e:\jenkins\tmp\workspace\build\src\src\hotspot\share\interpreter\linkResolver.cpp, line 766]
Event: 4.746 Thread 0x000002d9e818ca90 Exception <a 'java/lang/NoSuchMethodError'{0x0000000088a66908}: 'java.lang.Object java.lang.invoke.DirectMethodHandle$Holder.invokeVirtual(java.lang.Object, java.lang.Object, java.lang.Object)'> (0x0000000088a66908) 
thrown [e:\jenkins\tmp\workspace\build\src\src\hotspot\share\interpreter\linkResolver.cpp, line 766]
Event: 4.787 Thread 0x000002d9e818ca90 Exception <a 'java/lang/NoSuchMethodError'{0x000000008893bb50}: 'java.lang.Object java.lang.invoke.DirectMethodHandle$Holder.newInvokeSpecial(java.lang.Object, java.lang.Object, int, int)'> (0x000000008893bb50) 
thrown [e:\jenkins\tmp\workspace\build\src\src\hotspot\share\interpreter\linkResolver.cpp, line 766]
Event: 4.791 Thread 0x000002d9e818ca90 Exception <a 'java/lang/NoSuchMethodError'{0x0000000088946d08}: 'void java.lang.invoke.DirectMethodHandle$Holder.invokeStatic(java.lang.Object, java.lang.Object, int)'> (0x0000000088946d08) 
thrown [e:\jenkins\tmp\workspace\build\src\src\hotspot\share\interpreter\linkResolver.cpp, line 766]
Event: 4.846 Thread 0x000002d9e818ca90 Exception <a 'java/lang/NoSuchMethodError'{0x00000000888440c0}: 'java.lang.Object java.lang.invoke.DirectMethodHandle$Holder.newInvokeSpecial(java.lang.Object, java.lang.Object, java.lang.Object, java.lang.Object, java.lang.Object)'> (0x00000000888440c0) 
thrown [e:\jenkins\tmp\workspace\build\src\src\hotspot\share\interpreter\linkResolver.cpp, line 766]
Event: 4.879 Thread 0x000002d9e818ca90 Exception <a 'java/lang/NoSuchMethodError'{0x0000000088710660}: 'void java.lang.invoke.DirectMethodHandle$Holder.invokeStatic(java.lang.Object, java.lang.Object, java.lang.Object, java.lang.Object)'> (0x0000000088710660) 
thrown [e:\jenkins\tmp\workspace\build\src\src\hotspot\share\interpreter\linkResolver.cpp, line 766]
Event: 4.923 Thread 0x000002d982fe8920 Exception <a 'java/lang/NoSuchMethodError'{0x00000000886b1208}: 'java.lang.Object java.lang.invoke.DirectMethodHandle$Holder.invokeSpecial(java.lang.Object, java.lang.Object, java.lang.Object, java.lang.Object, int)'> (0x00000000886b1208) 
thrown [e:\jenkins\tmp\workspace\build\src\src\hotspot\share\interpreter\linkResolver.cpp, line 766]
Event: 4.924 Thread 0x000002d982fe8920 Exception <a 'java/lang/NoSuchMethodError'{0x00000000886b4dd0}: 'java.lang.Object java.lang.invoke.Invokers$Holder.linkToTargetMethod(java.lang.Object, java.lang.Object, int, java.lang.Object)'> (0x00000000886b4dd0) 
thrown [e:\jenkins\tmp\workspace\build\src\src\hotspot\share\interpreter\linkResolver.cpp, line 766]
Event: 4.946 Thread 0x000002d982fe8920 Exception <a 'java/lang/NoSuchMethodError'{0x0000000089156428}: 'void java.lang.invoke.DirectMethodHandle$Holder.invokeSpecial(java.lang.Object, java.lang.Object, java.lang.Object)'> (0x0000000089156428) 
thrown [e:\jenkins\tmp\workspace\build\src\src\hotspot\share\interpreter\linkResolver.cpp, line 766]
Event: 4.961 Thread 0x000002d982fe8920 Exception <a 'java/lang/NoSuchMethodError'{0x0000000089002d18}: 'void java.lang.invoke.DirectMethodHandle$Holder.invokeSpecial(java.lang.Object, java.lang.Object, java.lang.Object, java.lang.Object, java.lang.Object)'> (0x0000000089002d18) 
thrown [e:\jenkins\tmp\workspace\build\src\src\hotspot\share\interpreter\linkResolver.cpp, line 766]
Event: 17.667 Thread 0x000002d982fe8920 Exception <a 'java/lang/NoSuchMethodError'{0x0000000088e088f8}: 'void java.lang.invoke.DirectMethodHandle$Holder.invokeSpecial(java.lang.Object, java.lang.Object, java.lang.Object, java.lang.Object, java.lang.Object, java.lang.Object, java.lang.Object)'> (0x0000000088e088f8) 
thrown [e:\jenkins\tmp\workspace\build\src\src\hotspot\share\interpreter\linkResolver.cpp, line 766]
Event: 17.718 Thread 0x000002d9e818ca90 Exception <a 'java/lang/NoSuchMethodError'{0x0000000088e964c0}: 'java.lang.Object java.lang.invoke.DirectMethodHandle$Holder.invokeSpecialIFC(java.lang.Object, java.lang.Object, java.lang.Object)'> (0x0000000088e964c0) 
thrown [e:\jenkins\tmp\workspace\build\src\src\hotspot\share\interpreter\linkResolver.cpp, line 766]

VM Operations (20 events):
Event: 1.684 Executing VM operation: HandshakeAllThreads
Event: 1.684 Executing VM operation: HandshakeAllThreads done
Event: 1.795 Executing VM operation: HandshakeAllThreads
Event: 1.795 Executing VM operation: HandshakeAllThreads done
Event: 2.795 Executing VM operation: Cleanup
Event: 2.795 Executing VM operation: Cleanup done
Event: 4.694 Executing VM operation: HandshakeAllThreads
Event: 4.694 Executing VM operation: HandshakeAllThreads done
Event: 4.694 Executing VM operation: Cleanup
Event: 4.694 Executing VM operation: Cleanup done
Event: 4.695 Executing VM operation: HandshakeAllThreads
Event: 4.695 Executing VM operation: HandshakeAllThreads done
Event: 4.696 Executing VM operation: HandshakeAllThreads
Event: 4.696 Executing VM operation: HandshakeAllThreads done
Event: 4.932 Executing VM operation: G1CollectForAllocation
Event: 4.937 Executing VM operation: G1CollectForAllocation done
Event: 5.937 Executing VM operation: Cleanup
Event: 5.938 Executing VM operation: Cleanup done
Event: 17.613 Executing VM operation: HandshakeAllThreads
Event: 17.614 Executing VM operation: HandshakeAllThreads done

Events (20 events):
Event: 17.656 loading class java/util/stream/FindOps$FindSink$OfLong
Event: 17.656 loading class java/util/stream/Sink$OfLong
Event: 17.656 loading class java/util/function/LongConsumer
Event: 17.656 loading class java/util/function/LongConsumer done
Event: 17.656 loading class java/util/stream/Sink$OfLong done
Event: 17.656 loading class java/util/stream/FindOps$FindSink$OfLong done
Event: 17.656 loading class java/util/OptionalLong
Event: 17.657 loading class java/util/OptionalLong done
Event: 17.659 loading class java/util/stream/ReferencePipeline$5$1
Event: 17.659 loading class java/util/stream/ReferencePipeline$5$1 done
Event: 17.688 loading class java/math/MathContext
Event: 17.688 loading class java/math/MathContext done
Event: 17.688 loading class java/math/RoundingMode
Event: 17.688 loading class java/math/RoundingMode done
Event: 17.742 loading class java/util/ImmutableCollections$Access
Event: 17.742 loading class java/util/ImmutableCollections$Access done
Event: 17.742 loading class java/util/ImmutableCollections$Access$1
Event: 17.742 loading class jdk/internal/access/JavaUtilCollectionAccess
Event: 17.743 loading class jdk/internal/access/JavaUtilCollectionAccess done
Event: 17.743 loading class java/util/ImmutableCollections$Access$1 done


Dynamic libraries:
0x00007ff679d50000 - 0x00007ff679d5e000 	C:\Users\Lenovo.DESKTOP-I0HH4JP\.p2\pool\plugins\org.eclipse.justj.openjdk.hotspot.jre.full.win32.x86_64_17.0.1.v20211116-1657\jre\bin\javaw.exe
0x00007ff929d20000 - 0x00007ff929f10000 	C:\WINDOWS\SYSTEM32\ntdll.dll
0x00007ff928b80000 - 0x00007ff928c32000 	C:\WINDOWS\System32\KERNEL32.DLL
0x00007ff927580000 - 0x00007ff927825000 	C:\WINDOWS\System32\KERNELBASE.dll
0x00007ff927c80000 - 0x00007ff927d7a000 	C:\WINDOWS\System32\ucrtbase.dll
0x00007ff919dd0000 - 0x00007ff919de8000 	C:\Users\Lenovo.DESKTOP-I0HH4JP\.p2\pool\plugins\org.eclipse.justj.openjdk.hotspot.jre.full.win32.x86_64_17.0.1.v20211116-1657\jre\bin\jli.dll
0x00007ff928730000 - 0x00007ff9288c5000 	C:\WINDOWS\System32\USER32.dll
0x00007ff9279d0000 - 0x00007ff9279f1000 	C:\WINDOWS\System32\win32u.dll
0x00007ff928a30000 - 0x00007ff928a56000 	C:\WINDOWS\System32\GDI32.dll
0x00007ff927830000 - 0x00007ff9279c6000 	C:\WINDOWS\System32\gdi32full.dll
0x00007ff926d00000 - 0x00007ff926d9e000 	C:\WINDOWS\System32\msvcp_win.dll
0x00007ff9119e0000 - 0x00007ff9119f9000 	C:\Users\Lenovo.DESKTOP-I0HH4JP\.p2\pool\plugins\org.eclipse.justj.openjdk.hotspot.jre.full.win32.x86_64_17.0.1.v20211116-1657\jre\bin\VCRUNTIME140.dll
0x00007ff913ed0000 - 0x00007ff914154000 	C:\WINDOWS\WinSxS\amd64_microsoft.windows.common-controls_6595b64144ccf1df_6.0.18362.1082_none_9e8193e1e45b25c1\COMCTL32.dll
0x00007ff928a60000 - 0x00007ff928afe000 	C:\WINDOWS\System32\msvcrt.dll
0x00007ff928c40000 - 0x00007ff928f75000 	C:\WINDOWS\System32\combase.dll
0x00007ff928540000 - 0x00007ff928660000 	C:\WINDOWS\System32\RPCRT4.dll
0x00007ff927ab0000 - 0x00007ff927b30000 	C:\WINDOWS\System32\bcryptPrimitives.dll
0x00007ff929a40000 - 0x00007ff929a6e000 	C:\WINDOWS\System32\IMM32.DLL
0x00007ff91c6c0000 - 0x00007ff91c6cc000 	C:\Users\Lenovo.DESKTOP-I0HH4JP\.p2\pool\plugins\org.eclipse.justj.openjdk.hotspot.jre.full.win32.x86_64_17.0.1.v20211116-1657\jre\bin\vcruntime140_1.dll
0x00007ff8fbaf0000 - 0x00007ff8fbb81000 	C:\Users\Lenovo.DESKTOP-I0HH4JP\.p2\pool\plugins\org.eclipse.justj.openjdk.hotspot.jre.full.win32.x86_64_17.0.1.v20211116-1657\jre\bin\msvcp140.dll
0x00007ff8ef410000 - 0x00007ff8f0056000 	C:\Users\Lenovo.DESKTOP-I0HH4JP\.p2\pool\plugins\org.eclipse.justj.openjdk.hotspot.jre.full.win32.x86_64_17.0.1.v20211116-1657\jre\bin\server\jvm.dll
0x00007ff929990000 - 0x00007ff929a33000 	C:\WINDOWS\System32\ADVAPI32.dll
0x00007ff929820000 - 0x00007ff9298b7000 	C:\WINDOWS\System32\sechost.dll
0x00007ff928f80000 - 0x00007ff928f88000 	C:\WINDOWS\System32\PSAPI.DLL
0x00007ff923770000 - 0x00007ff923779000 	C:\WINDOWS\SYSTEM32\WSOCK32.dll
0x00007ff9297b0000 - 0x00007ff92981f000 	C:\WINDOWS\System32\WS2_32.dll
0x00007ff923980000 - 0x00007ff9239a4000 	C:\WINDOWS\SYSTEM32\WINMM.dll
0x00007ff9184d0000 - 0x00007ff9184da000 	C:\WINDOWS\SYSTEM32\VERSION.dll
0x00007ff923950000 - 0x00007ff92397d000 	C:\WINDOWS\SYSTEM32\WINMMBASE.dll
0x00007ff926cb0000 - 0x00007ff926cfa000 	C:\WINDOWS\System32\cfgmgr32.dll
0x00007ff926bf0000 - 0x00007ff926c01000 	C:\WINDOWS\System32\kernel.appcore.dll
0x00007ff923400000 - 0x00007ff92340a000 	C:\Users\Lenovo.DESKTOP-I0HH4JP\.p2\pool\plugins\org.eclipse.justj.openjdk.hotspot.jre.full.win32.x86_64_17.0.1.v20211116-1657\jre\bin\jimage.dll
0x00007ff916170000 - 0x00007ff916364000 	C:\WINDOWS\SYSTEM32\DBGHELP.DLL
0x00007ff915f20000 - 0x00007ff915f4a000 	C:\WINDOWS\SYSTEM32\dbgcore.DLL
0x00007ff917a60000 - 0x00007ff917a85000 	C:\Users\Lenovo.DESKTOP-I0HH4JP\.p2\pool\plugins\org.eclipse.justj.openjdk.hotspot.jre.full.win32.x86_64_17.0.1.v20211116-1657\jre\bin\java.dll
0x00007ff920cc0000 - 0x00007ff920cd8000 	C:\Users\Lenovo.DESKTOP-I0HH4JP\.p2\pool\plugins\org.eclipse.justj.openjdk.hotspot.jre.full.win32.x86_64_17.0.1.v20211116-1657\jre\bin\zip.dll
0x00007ff928f90000 - 0x00007ff929677000 	C:\WINDOWS\System32\SHELL32.dll
0x00007ff929a70000 - 0x00007ff929b19000 	C:\WINDOWS\System32\shcore.dll
0x00007ff926da0000 - 0x00007ff927520000 	C:\WINDOWS\System32\windows.storage.dll
0x00007ff926c80000 - 0x00007ff926ca3000 	C:\WINDOWS\System32\profapi.dll
0x00007ff926c10000 - 0x00007ff926c5a000 	C:\WINDOWS\System32\powrprof.dll
0x00007ff926be0000 - 0x00007ff926bf0000 	C:\WINDOWS\System32\UMPDC.dll
0x00007ff9298c0000 - 0x00007ff929912000 	C:\WINDOWS\System32\shlwapi.dll
0x00007ff927db0000 - 0x00007ff927dc7000 	C:\WINDOWS\System32\cryptsp.dll
0x00007ff922890000 - 0x00007ff9228a0000 	C:\Users\Lenovo.DESKTOP-I0HH4JP\.p2\pool\plugins\org.eclipse.justj.openjdk.hotspot.jre.full.win32.x86_64_17.0.1.v20211116-1657\jre\bin\verify.dll
0x00007ff923410000 - 0x00007ff923429000 	C:\Users\Lenovo.DESKTOP-I0HH4JP\.p2\pool\plugins\org.eclipse.justj.openjdk.hotspot.jre.full.win32.x86_64_17.0.1.v20211116-1657\jre\bin\net.dll
0x00007ff922020000 - 0x00007ff922110000 	C:\WINDOWS\SYSTEM32\WINHTTP.dll
0x00007ff926430000 - 0x00007ff926497000 	C:\WINDOWS\system32\mswsock.dll
0x00007ff91b300000 - 0x00007ff91b315000 	C:\Users\Lenovo.DESKTOP-I0HH4JP\.p2\pool\plugins\org.eclipse.justj.openjdk.hotspot.jre.full.win32.x86_64_17.0.1.v20211116-1657\jre\bin\nio.dll
0x00007ff926120000 - 0x00007ff9261eb000 	C:\WINDOWS\SYSTEM32\DNSAPI.dll
0x00007ff928030000 - 0x00007ff928038000 	C:\WINDOWS\System32\NSI.dll
0x00007ff9260e0000 - 0x00007ff92611a000 	C:\WINDOWS\SYSTEM32\IPHLPAPI.DLL
0x00007ff918850000 - 0x00007ff91885a000 	C:\Windows\System32\rasadhlp.dll
0x00007ff920920000 - 0x00007ff920997000 	C:\WINDOWS\System32\fwpuclnt.dll
0x00007ff927d80000 - 0x00007ff927da6000 	C:\WINDOWS\System32\bcrypt.dll
0x00007ff921eb0000 - 0x00007ff921ebe000 	C:\Users\Lenovo.DESKTOP-I0HH4JP\.p2\pool\plugins\org.eclipse.justj.openjdk.hotspot.jre.full.win32.x86_64_17.0.1.v20211116-1657\jre\bin\sunmscapi.dll
0x00007ff927b30000 - 0x00007ff927c79000 	C:\WINDOWS\System32\CRYPT32.dll
0x00007ff926c60000 - 0x00007ff926c72000 	C:\WINDOWS\System32\MSASN1.dll
0x00007ff926700000 - 0x00007ff926726000 	C:\WINDOWS\SYSTEM32\ncrypt.dll
0x00007ff9266c0000 - 0x00007ff9266fb000 	C:\WINDOWS\SYSTEM32\NTASN1.dll
0x00007ff925f40000 - 0x00007ff925f73000 	C:\WINDOWS\system32\rsaenh.dll
0x00007ff926b00000 - 0x00007ff926b25000 	C:\WINDOWS\SYSTEM32\USERENV.dll
0x00007ff926600000 - 0x00007ff92660c000 	C:\WINDOWS\SYSTEM32\CRYPTBASE.dll
0x00007ff920a70000 - 0x00007ff920a86000 	C:\WINDOWS\SYSTEM32\dhcpcsvc6.DLL
0x00007ff921330000 - 0x00007ff92134c000 	C:\WINDOWS\SYSTEM32\dhcpcsvc.DLL
0x00007ff923450000 - 0x00007ff923457000 	C:\WINDOWS\system32\wshunix.dll

dbghelp: loaded successfully - version: 4.0.5 - missing functions: none
symbol engine: initialized successfully - sym options: 0x614 - pdb path: .;C:\Users\Lenovo.DESKTOP-I0HH4JP\.p2\pool\plugins\org.eclipse.justj.openjdk.hotspot.jre.full.win32.x86_64_17.0.1.v20211116-1657\jre\bin;C:\WINDOWS\SYSTEM32;C:\WINDOWS\WinSxS\amd64_microsoft.windows.common-controls_6595b64144ccf1df_6.0.18362.1082_none_9e8193e1e45b25c1;C:\Users\Lenovo.DESKTOP-I0HH4JP\.p2\pool\plugins\org.eclipse.justj.openjdk.hotspot.jre.full.win32.x86_64_17.0.1.v20211116-1657\jre\bin\server

VM Arguments:
jvm_args: -Dfile.encoding=Cp1252 -XX:+ShowCodeDetailsInExceptionMessages 
java_command: examples.sample1
java_class_path (initial): C:\Users\Lenovo.DESKTOP-I0HH4JP\eclipse-workspace\SeleniumExamples\target\classes;C:\Users\Lenovo.DESKTOP-I0HH4JP\.m2\repository\org\seleniumhq\selenium\selenium-java\4.17.0\selenium-java-4.17.0.jar;C:\Users\Lenovo.DESKTOP-I0HH4JP\.m2\repository\org\seleniumhq\selenium\selenium-api\4.17.0\selenium-api-4.17.0.jar;C:\Users\Lenovo.DESKTOP-I0HH4JP\.m2\repository\org\seleniumhq\selenium\selenium-chrome-driver\4.17.0\selenium-chrome-driver-4.17.0.jar;C:\Users\Lenovo.DESKTOP-I0HH4JP\.m2\repository\com\google\auto\service\auto-service-annotations\1.1.1\auto-service-annotations-1.1.1.jar;C:\Users\Lenovo.DESKTOP-I0HH4JP\.m2\repository\org\seleniumhq\selenium\selenium-chromium-driver\4.17.0\selenium-chromium-driver-4.17.0.jar;C:\Users\Lenovo.DESKTOP-I0HH4JP\.m2\repository\org\seleniumhq\selenium\selenium-json\4.17.0\selenium-json-4.17.0.jar;C:\Users\Lenovo.DESKTOP-I0HH4JP\.m2\repository\org\seleniumhq\selenium\selenium-manager\4.17.0\selenium-manager-4.17.0.jar;C:\Users\Lenovo.DESKTOP-I0HH4JP\.m2\repository\org\seleniumhq\selenium\selenium-devtools-v119\4.17.0\selenium-devtools-v119-4.17.0.jar;C:\Users\Lenovo.DESKTOP-I0HH4JP\.m2\repository\org\seleniumhq\selenium\selenium-devtools-v120\4.17.0\selenium-devtools-v120-4.17.0.jar;C:\Users\Lenovo.DESKTOP-I0HH4JP\.m2\repository\org\seleniumhq\selenium\selenium-devtools-v121\4.17.0\selenium-devtools-v121-4.17.0.jar;C:\Users\Lenovo.DESKTOP-I0HH4JP\.m2\repository\org\seleniumhq\selenium\selenium-devtools-v85\4.17.0\selenium-devtools-v85-4.17.0.jar;C:\Users\Lenovo.DESKTOP-I0HH4JP\.m2\repository\org\seleniumhq\selenium\selenium-edge-driver\4.17.0\selenium-edge-driver-4.17.0.jar;C:\Users\Lenovo.DESKTOP-I0HH4JP\.m2\repository\org\seleniumhq\selenium\selenium-firefox-driver\4.17.0\selenium-firefox-driver-4.17.0.jar;C:\Users\Lenovo.DESKTOP-I0HH4JP\.m2\repository\org\seleniumhq\selenium\selenium-http\4.17.0\selenium-http-4.17.0.jar;C:\Users\Lenovo.DESKTOP-I0HH4JP\.m2\repository\dev\failsafe\failsafe\3.3.2\failsafe
Launcher Type: SUN_STANDARD

[Global flags]
     intx CICompilerCount                          = 3                                         {product} {ergonomic}
     uint ConcGCThreads                            = 1                                         {product} {ergonomic}
     uint G1ConcRefinementThreads                  = 4                                         {product} {ergonomic}
   size_t G1HeapRegionSize                         = 1048576                                   {product} {ergonomic}
    uintx GCDrainStackTargetSize                   = 64                                        {product} {ergonomic}
   size_t InitialHeapSize                          = 134217728                                 {product} {ergonomic}
   size_t MarkStackSize                            = 4194304                                   {product} {ergonomic}
   size_t MaxHeapSize                              = 2128609280                                {product} {ergonomic}
   size_t MaxNewSize                               = 1277165568                                {product} {ergonomic}
   size_t MinHeapDeltaBytes                        = 1048576                                   {product} {ergonomic}
   size_t MinHeapSize                              = 8388608                                   {product} {ergonomic}
    uintx NonNMethodCodeHeapSize                   = 5832780                                {pd product} {ergonomic}
    uintx NonProfiledCodeHeapSize                  = 122912730                              {pd product} {ergonomic}
    uintx ProfiledCodeHeapSize                     = 122912730                              {pd product} {ergonomic}
    uintx ReservedCodeCacheSize                    = 251658240                              {pd product} {ergonomic}
     bool SegmentedCodeCache                       = true                                      {product} {ergonomic}
     bool ShowCodeDetailsInExceptionMessages       = true                                   {manageable} {command line}
   size_t SoftMaxHeapSize                          = 2128609280                             {manageable} {ergonomic}
     bool UseCompressedClassPointers               = true                           {product lp64_product} {ergonomic}
     bool UseCompressedOops                        = true                           {product lp64_product} {ergonomic}
     bool UseG1GC                                  = true                                      {product} {ergonomic}
     bool UseLargePagesIndividualAllocation        = false                                  {pd product} {ergonomic}

Logging:
Log output configuration:
 #0: stdout all=warning uptime,level,tags
 #1: stderr all=off uptime,level,tags

Environment Variables:
JAVA_HOME=C:\Softwares\jdk-11
PATH=C:/Users/Lenovo.DESKTOP-I0HH4JP/.p2/pool/plugins/org.eclipse.justj.openjdk.hotspot.jre.full.win32.x86_64_17.0.1.v20211116-1657/jre/bin/server;C:/Users/Lenovo.DESKTOP-I0HH4JP/.p2/pool/plugins/org.eclipse.justj.openjdk.hotspot.jre.full.win32.x86_64_17.0.1.v20211116-1657/jre/bin;C:\Program Files\Common Files\Oracle\Java\javapath;C:\Softwares\jdk-11\bin;C:\ProgramData\Oracle\Java\javapath;C:\WINDOWS\system32;C:\WINDOWS;C:\WINDOWS\System32\Wbem;C:\WINDOWS\System32\WindowsPowerShell\v1.0\;C:\Program Files (x86)\Skype\Phone\;C:\Program Files (x86)\GtkSharp\2.12\bin;C:\Program Files (x86)\CineForm\Tools;C:\WINDOWS\System32\OpenSSH\;C:\Program Files\Microsoft\Web Platform Installer\;C:\Program Files (x86)\Microsoft ASP.NET\ASP.NET Web Pages\v1.0\;C:\Program Files\Microsoft SQL Server\110\Tools\Binn\;C:\strawberry\c\bin;C:\strawberry\perl\bin;D:\AndroidSDK\platform-tools;c:\Program Files (x86)\QuickTime\QTSystem\;C:\xampp\php;C:\composer;C:\Program Files\Git\cmd;C:\Users\Lenovo.DESKTOP-I0HH4JP\AppData\Local\Android\Sdk\platform-tools;C:\Program Files\nodejs\;C:\Program Files\MySQL\MySQL Server 8.0\bin;C:\Program Files (x86)\apache-maven-3.9.6\bin;C:\Program Files\MySQL\MySQL Shell 8.0\bin\;C:\Users\Lenovo.DESKTOP-I0HH4JP\AppData\Local\Microsoft\WindowsApps;C:\Users\Lenovo.DESKTOP-I0HH4JP\AppData\Roaming\Composer\vendor\bin;C:\Users\Lenovo.DESKTOP-I0HH4JP\AppData\Local\Programs\Microsoft VS Code\bin;D:\FlutterDev\flutter\bin;C:\Softwares\jdk-11\bin;C:\Users\Lenovo.DESKTOP-I0HH4JP\AppData\Roaming\npm;C:\Users\Lenovo.DESKTOP-I0HH4JP\Desktop;
USERNAME=Lenovo
OS=Windows_NT
PROCESSOR_IDENTIFIER=Intel64 Family 6 Model 61 Stepping 4, GenuineIntel



---------------  S Y S T E M  ---------------

OS:
 Windows 10 , 64 bit Build 18362 (10.0.18362.1082)
OS uptime: 1 days 3:24 hours

CPU: total 4 (initial active 4) (2 cores per cpu, 2 threads per core) family 6 model 61 stepping 4 microcode 0x2d, cx8, cmov, fxsr, ht, mmx, 3dnowpref, sse, sse2, sse3, ssse3, sse4.1, sse4.2, popcnt, lzcnt, tsc, tscinvbit, avx, avx2, aes, erms, clmul, bmi1, bmi2, adx, fma, vzeroupper, clflush

Memory: 4k page, system-wide physical 8112M (1041M free)
TotalPageFile size 8112M (AvailPageFile size 182M)
current process WorkingSet (physical memory assigned to process): 82M, peak: 82M
current process commit charge ("private bytes"): 220M, peak: 220M

vm_info: OpenJDK 64-Bit Server VM (17.0.1+12) for windows-amd64 JRE (17.0.1+12), built on Oct 20 2021 07:42:55 by "" with MS VC++ 16.7 (VS2019)

END.
